TLC2 Version 2.19 of 08 August 2024 (rev: 5a47802)
Running breadth-first search Model-Checking with fp 107 and seed 34548302561035933 with 1 worker on 16 cores with 7236MB heap and 64MB offheap memory [pid: 20352] (Windows 11 10.0 amd64, Oracle Corporation 20.0.1 x86_64, MSBDiskFPSet, DiskStateQueue).
Parsing file C:\Users\Franklin\Desktop\QQT\TrivySupplyChain\TrivySupplyChain.tla
Parsing file C:\Users\Franklin\AppData\Local\Temp\Naturals.tla
Parsing file C:\Users\Franklin\AppData\Local\Temp\FiniteSets.tla
Parsing file C:\Users\Franklin\AppData\Local\Temp\Sequences.tla
Semantic processing of module Naturals
Semantic processing of module Sequences
Semantic processing of module FiniteSets
Semantic processing of module TrivySupplyChain
Starting... (2026-07-14 23:43:07)
Computing initial states...
Finished computing initial states: 1 distinct state generated at 2026-07-14 23:43:08.
Model checking completed. No error has been found.
  Estimates of the probability that TLC did not check all reachable states
  because two distinct states had the same fingerprint:
  calculated (optimistic):  val = 6.9E-11
163771 states generated, 8185 distinct states found, 0 states left on queue.
The depth of the complete state graph search is 14.
The average outdegree of the complete state graph is 1 (minimum is 0, the maximum 12 and the 95th percentile is 4).
Finished in 00s at (2026-07-14 23:43:08)
